<?xml version="1.0" encoding="UTF-8"?>
<!-- Generated by org.testng.reporters.JUnitXMLReporter -->
<testsuite ignored="0" hostname="DESKTOP-H0SHG5R" failures="0" tests="4" name="Default test" time="20.757" errors="0" timestamp="2022-10-13T10:34:38 IST">
  <testcase classname="com.testparallel.ParallelTests" name="LaunchChrome" time="6.096"/>
  <testcase classname="com.testparallel.ParallelTests" name="LaunchFirefox" time="8.445"/>
  <testcase classname="com.testparallel.ParallelTests" name="TryFaceBook1" time="3.2"/>
  <testcase classname="com.testparallel.ParallelTests" name="TryFaceBook2" time="2.951"/>
</testsuite> <!-- Default test -->
