<?xml version="1.0" encoding="UTF-8"?>
<!-- Generated by org.testng.reporters.JUnitXMLReporter -->
<testsuite ignored="0" hostname="DESKTOP-H0SHG5R" failures="0" tests="4" name="Test" time="21.185" errors="0" timestamp="2022-10-13T10:45:18 IST">
  <testcase classname="com.testparallel.ParallelTests" name="LaunchChrome" time="6.022"/>
  <testcase classname="com.testparallel.ParallelTests" name="LaunchFirefox" time="9.335"/>
  <testcase classname="com.testparallel.ParallelTests" name="TryFaceBook1" time="3.261"/>
  <testcase classname="com.testparallel.ParallelTests" name="TryFaceBook2" time="2.504"/>
</testsuite> <!-- Test -->
